Determining if the pthread_create exist failed with the following output:
Change Dir: /home/iman/make_custom/build/CMakeFiles/CMakeTmp

Run Build Command:"/usr/bin/make" "cmTC_414aa/fast"
/usr/bin/make -f CMakeFiles/cmTC_414aa.dir/build.make CMakeFiles/cmTC_414aa.dir/build
make[1]: Entering directory '/home/iman/make_custom/build/CMakeFiles/CMakeTmp'
Building C object CMakeFiles/cmTC_414aa.dir/CheckSymbolExists.c.o
/usr/bin/cc     -o CMakeFiles/cmTC_414aa.dir/CheckSymbolExists.c.o   -c /home/iman/make_custom/build/CMakeFiles/CMakeTmp/CheckSymbolExists.c
Linking C executable cmTC_414aa
/usr/bin/cmake -E cmake_link_script CMakeFiles/cmTC_414aa.dir/link.txt --verbose=1
/usr/bin/cc       CMakeFiles/cmTC_414aa.dir/CheckSymbolExists.c.o  -o cmTC_414aa -rdynamic 
CMakeFiles/cmTC_414aa.dir/CheckSymbolExists.c.o: In function `main':
CheckSymbolExists.c:(.text+0x16): undefined reference to `pthread_create'
collect2: error: ld returned 1 exit status
CMakeFiles/cmTC_414aa.dir/build.make:97: recipe for target 'cmTC_414aa' failed
make[1]: *** [cmTC_414aa] Error 1
make[1]: Leaving directory '/home/iman/make_custom/build/CMakeFiles/CMakeTmp'
Makefile:126: recipe for target 'cmTC_414aa/fast' failed
make: *** [cmTC_414aa/fast] Error 2

File /home/iman/make_custom/build/CMakeFiles/CMakeTmp/CheckSymbolExists.c:
/* */
#include <pthread.h>

int main(int argc, char** argv)
{
  (void)argv;
#ifndef pthread_create
  return ((int*)(&pthread_create))[argc];
#else
  (void)argc;
  return 0;
#endif
}

Determining if the function pthread_create exists in the pthreads failed with the following output:
Change Dir: /home/iman/make_custom/build/CMakeFiles/CMakeTmp

Run Build Command:"/usr/bin/make" "cmTC_a7fef/fast"
/usr/bin/make -f CMakeFiles/cmTC_a7fef.dir/build.make CMakeFiles/cmTC_a7fef.dir/build
make[1]: Entering directory '/home/iman/make_custom/build/CMakeFiles/CMakeTmp'
Building C object CMakeFiles/cmTC_a7fef.dir/CheckFunctionExists.c.o
/usr/bin/cc    -DCHECK_FUNCTION_EXISTS=pthread_create   -o CMakeFiles/cmTC_a7fef.dir/CheckFunctionExists.c.o   -c /usr/share/cmake-3.5/Modules/CheckFunctionExists.c
Linking C executable cmTC_a7fef
/usr/bin/cmake -E cmake_link_script CMakeFiles/cmTC_a7fef.dir/link.txt --verbose=1
/usr/bin/cc   -DCHECK_FUNCTION_EXISTS=pthread_create    CMakeFiles/cmTC_a7fef.dir/CheckFunctionExists.c.o  -o cmTC_a7fef -rdynamic -lpthreads 
/usr/bin/ld: cannot find -lpthreads
collect2: error: ld returned 1 exit status
CMakeFiles/cmTC_a7fef.dir/build.make:97: recipe for target 'cmTC_a7fef' failed
make[1]: *** [cmTC_a7fef] Error 1
make[1]: Leaving directory '/home/iman/make_custom/build/CMakeFiles/CMakeTmp'
Makefile:126: recipe for target 'cmTC_a7fef/fast' failed
make: *** [cmTC_a7fef/fast] Error 2


